<?xml version="1.0" encoding="UTF-8"?>
<!-- Generated by org.testng.reporters.JUnitReportReporter -->
<testsuite hostname="LAPTOP-MHH6O73F" failures="0" tests="1" name="advanceSelenium.Assignment_9May" time="34.368" errors="0" timestamp="2024-05-09T14:21:05 IST" skipped="0">
  <testcase classname="advanceSelenium.Assignment_9May" name="puma" time="34.368"/>
</testsuite> <!-- advanceSelenium.Assignment_9May -->
