<?xml version="1.0" encoding="UTF-8"?>
<!-- Generated by org.testng.reporters.JUnitReportReporter -->
<testsuite hostname="LAPTOP-MHH6O73F" failures="0" tests="1" name="advanceSelenium.Demo_Task2Class" time="6.584" errors="0" timestamp="2024-05-11T13:01:48 IST" skipped="0">
  <testcase classname="advanceSelenium.Demo_Task2Class" name="test" time="6.584"/>
</testsuite> <!-- advanceSelenium.Demo_Task2Class -->
