<?xml version="1.0" encoding="UTF-8"?>
<!-- Generated by org.testng.reporters.JUnitReportReporter -->
<testsuite hostname="LAPTOP-MHH6O73F" failures="0" tests="2" name="TestNgFashion.DemoWebShop" time="83.205" errors="0" timestamp="2024-05-20T11:35:32 IST" skipped="0">
  <testcase classname="TestNgFashion.DemoWebShop" name="dws" time="64.761"/>
  <testcase classname="TestNgFashion.DemoWebShop" name="dws" time="18.444"/>
</testsuite> <!-- TestNgFashion.DemoWebShop -->
