<?xml version="1.0" encoding="UTF-8"?>
<!-- Generated by org.testng.reporters.JUnitReportReporter -->
<testsuite hostname="LAPTOP-MHH6O73F" failures="0" tests="2" name="TestNgTravel.AbhiAbhi" time="107.792" errors="0" timestamp="2024-05-20T11:35:32 IST" skipped="0">
  <testcase classname="TestNgTravel.AbhiAbhi" name="abhibus" time="92.550"/>
  <testcase classname="TestNgTravel.AbhiAbhi" name="abhibus" time="15.242"/>
</testsuite> <!-- TestNgTravel.AbhiAbhi -->
