<?xml version="1.0" encoding="UTF-8"?>
<!-- Generated by org.testng.reporters.JUnitReportReporter -->
<testsuite hostname="LAPTOP-MHH6O73F" failures="0" tests="1" name="advanceSelenium.ChronologicOrder" time="0.017" errors="0" timestamp="2024-05-10T16:09:36 IST" skipped="0">
  <testcase classname="advanceSelenium.ChronologicOrder" name="test" time="0.017"/>
</testsuite> <!-- advanceSelenium.ChronologicOrder -->
