<?xml version="1.0" encoding="UTF-8"?>
<!-- Generated by org.testng.reporters.JUnitReportReporter -->
<testsuite hostname="LAPTOP-MHH6O73F" failures="0" tests="1" name="parameter.ShoppersStack" time="23.434" errors="0" timestamp="2024-05-20T10:57:36 IST" skipped="0">
  <testcase classname="parameter.ShoppersStack" name="shoppersLogin" time="23.434"/>
</testsuite> <!-- parameter.ShoppersStack -->
