<?xml version="1.0" encoding="UTF-8"?>
<!-- Generated by org.testng.reporters.JUnitReportReporter -->
<testsuite hostname="LAPTOP-MHH6O73F" failures="0" tests="2" name="TestNgFashion.Ajio" time="85.566" errors="0" timestamp="2024-05-20T11:35:32 IST" skipped="0">
  <testcase classname="TestNgFashion.Ajio" name="ajio" time="58.104"/>
  <testcase classname="TestNgFashion.Ajio" name="ajio" time="27.462"/>
</testsuite> <!-- TestNgFashion.Ajio -->
