<?xml version="1.0" encoding="UTF-8"?>
<!-- Generated by org.testng.reporters.JUnitReportReporter -->
<testsuite hostname="LAPTOP-MHH6O73F" failures="0" tests="1" name="advanceSelenium.Demo_MainClass" time="5.574" errors="0" timestamp="2024-05-11T12:40:59 IST" skipped="0">
  <testcase classname="advanceSelenium.Demo_MainClass" name="test" time="5.574"/>
</testsuite> <!-- advanceSelenium.Demo_MainClass -->
