<?xml version="1.0" encoding="UTF-8"?>
<!-- Generated by org.testng.reporters.JUnitReportReporter -->
<testsuite hostname="LAPTOP-MHH6O73F" failures="0" tests="1" name="parameter.DataDromXMLFile" time="4.106" errors="0" timestamp="2024-05-21T09:47:59 IST" skipped="0">
  <testcase classname="parameter.DataDromXMLFile" name="xmlDile" time="4.106"/>
</testsuite> <!-- parameter.DataDromXMLFile -->
